Starting server with Config HP="localhost:3307"|T="28800000"|R="false"|L="warning"|S="/tmp/mysql.sock"
time="2026-03-05T14:34:59-05:00" level=warning msg="secure_file_priv is set to \"\", which is insecure."
time="2026-03-05T14:34:59-05:00" level=warning msg="Any user with GRANT FILE privileges will be able to read any file which the sql-server process can read."
time="2026-03-05T14:34:59-05:00" level=warning msg="Please consider restarting the server with secure_file_priv set to a safe (or non-existent) directory."
time="2026-03-05T14:34:59-05:00" level=warning msg="error running query" connectTime="2026-03-05 14:34:59.75352 -0500 EST m=+0.559645251" connectionDb=hq connectionID=6 error="table not found: config" queryTime="2026-03-05 14:34:59.753901 -0500 EST m=+0.560026376"
time="2026-03-05T14:34:59-05:00" level=warning msg="error running query" connectTime="2026-03-05 14:34:59.75352 -0500 EST m=+0.559645251" connectionDb=hq connectionID=6 error="Duplicate key name 'idx_issues_issue_type'" queryTime="2026-03-05 14:34:59.840396 -0500 EST m=+0.646520751"
time="2026-03-05T14:34:59-05:00" level=warning msg="error running query" connectTime="2026-03-05 14:34:59.75352 -0500 EST m=+0.559645251" connectionDb=hq connectionID=6 error="foreign key `fk_dep_depends_on` was not found on the table `dependencies`" queryTime="2026-03-05 14:34:59.840587 -0500 EST m=+0.646711667"
time="2026-03-05T14:35:00-05:00" level=warning msg="error running query" connectTime="2026-03-05 14:35:00.000805 -0500 EST m=+0.806929917" connectionDb=hq connectionID=9 error="nothing to commit" queryTime="2026-03-05 14:35:00.007972 -0500 EST m=+0.814096417"
time="2026-03-05T14:35:00-05:00" level=warning msg="error running query" connectTime="2026-03-05 14:35:00.065076 -0500 EST m=+0.871200667" connectionDb=hq connectionID=12 error="nothing to commit" queryTime="2026-03-05 14:35:00.071441 -0500 EST m=+0.877565834"
time="2026-03-05T14:35:00-05:00" level=warning msg="error running query" connectTime="2026-03-05 14:35:00.151421 -0500 EST m=+0.957545501" connectionDb=hq connectionID=15 error="nothing to commit" queryTime="2026-03-05 14:35:00.158519 -0500 EST m=+0.964643417"
time="2026-03-05T14:35:00-05:00" level=warning msg="error running query" connectTime="2026-03-05 14:35:00.286674 -0500 EST m=+1.092798084" connectionDb=hq connectionID=21 error="nothing to commit" queryTime="2026-03-05 14:35:00.292889 -0500 EST m=+1.099012876"
time="2026-03-05T14:35:00-05:00" level=warning msg="error running query" connectTime="2026-03-05 14:35:00.406621 -0500 EST m=+1.212744084" connectionDb=hq connectionID=24 error="nothing to commit" queryTime="2026-03-05 14:35:00.413564 -0500 EST m=+1.219687542"
time="2026-03-05T14:35:00-05:00" level=warning msg="error running query" connectTime="2026-03-05 14:35:00.528292 -0500 EST m=+1.334414751" connectionDb=hq connectionID=27 error="nothing to commit" queryTime="2026-03-05 14:35:00.534485 -0500 EST m=+1.340608209"
time="2026-03-05T16:17:53-05:00" level=warning msg="error running query" connectTime="2026-03-05 16:17:53.485049 -0500 EST m=+5915.877703084" connectionDb=hq connectionID=2187 error="nothing to commit" queryTime="2026-03-05 16:17:53.507568 -0500 EST m=+5915.900221792"
time="2026-03-05T16:21:35-05:00" level=warning msg="error running query" connectTime="2026-03-05 16:21:35.201699 -0500 EST m=+6137.593441917" connectionDb=hq connectionID=2191 error="nothing to commit" queryTime="2026-03-05 16:21:35.212456 -0500 EST m=+6137.604199792"
time="2026-03-05T16:21:35-05:00" level=warning msg="error running query" connectTime="2026-03-05 16:21:35.505171 -0500 EST m=+6137.896912876" connectionDb=hq connectionID=2197 error="nothing to commit" queryTime="2026-03-05 16:21:35.513479 -0500 EST m=+6137.905221292"
time="2026-03-05T16:21:35-05:00" level=warning msg="error running query" connectTime="2026-03-05 16:21:35.64681 -0500 EST m=+6138.038551126" connectionDb=hq connectionID=2200 error="nothing to commit" queryTime="2026-03-05 16:21:35.654614 -0500 EST m=+6138.046355709"
time="2026-03-05T16:21:35-05:00" level=warning msg="error running query" connectTime="2026-03-05 16:21:35.920753 -0500 EST m=+6138.312493209" connectionDb=hq connectionID=2203 error="nothing to commit" queryTime="2026-03-05 16:21:35.928559 -0500 EST m=+6138.320299417"
time="2026-03-05T16:21:36-05:00" level=warning msg="error running query" connectTime="2026-03-05 16:21:35.920753 -0500 EST m=+6138.312493209" connectionDb=hq connectionID=2203 error="nothing to commit" queryTime="2026-03-05 16:21:36.071864 -0500 EST m=+6138.463604084"
time="2026-03-05T16:21:36-05:00" level=warning msg="error running query" connectTime="2026-03-05 16:21:36.181927 -0500 EST m=+6138.573666542" connectionDb=hq connectionID=2206 error="nothing to commit" queryTime="2026-03-05 16:21:36.189463 -0500 EST m=+6138.581202417"
time="2026-03-05T16:22:34-05:00" level=warning msg="error running query" connectTime="2026-03-05 16:22:34.849455 -0500 EST m=+6197.240952876" connectionDb=hq connectionID=2209 error="nothing to commit" queryTime="2026-03-05 16:22:34.858523 -0500 EST m=+6197.250021084"
